This is XeTeX, Version 3.1415926-2.5-0.9999.3 (TeX Live 2013) (format=xelatex 2013.5.30)  22 APR 2014 13:42
entering extended mode
 \write18 enabled.
 %&-line parsing enabled.
**hw2.tex
(./hw2.tex
LaTeX2e <2011/06/27>
Babel <3.9f> and hyphenation patterns for 78 languages loaded.
(/usr/local/texlive/2013/texmf-dist/tex/latex/base/article.cls
Document Class: article 2007/10/19 v1.4h Standard LaTeX document class
(/usr/local/texlive/2013/texmf-dist/tex/latex/base/size12.clo
File: size12.clo 2007/10/19 v1.4h Standard LaTeX file (size option)
)
\c@part=\count80
\c@section=\count81
\c@subsection=\count82
\c@subsubsection=\count83
\c@paragraph=\count84
\c@subparagraph=\count85
\c@figure=\count86
\c@table=\count87
\abovecaptionskip=\skip41
\belowcaptionskip=\skip42
\bibindent=\dimen102
) (./mystyle.sty
Package: mystyle 

(/usr/local/texlive/2013/texmf-dist/tex/latex/graphics/graphicx.sty
Package: graphicx 1999/02/16 v1.0f Enhanced LaTeX Graphics (DPC,SPQR)

(/usr/local/texlive/2013/texmf-dist/tex/latex/graphics/keyval.sty
Package: keyval 1999/03/16 v1.13 key=value parser (DPC)
\KV@toks@=\toks14
)
(/usr/local/texlive/2013/texmf-dist/tex/latex/graphics/graphics.sty
Package: graphics 2009/02/05 v1.0o Standard LaTeX Graphics (DPC,SPQR)

(/usr/local/texlive/2013/texmf-dist/tex/latex/graphics/trig.sty
Package: trig 1999/03/16 v1.09 sin cos tan (DPC)
)
(/usr/local/texlive/2013/texmf-dist/tex/latex/latexconfig/graphics.cfg
File: graphics.cfg 2010/04/23 v1.9 graphics configuration of TeX Live
)
Package graphics Info: Driver file: xetex.def on input line 91.

(/usr/local/texlive/2013/texmf-dist/tex/xelatex/xetex-def/xetex.def
File: xetex.def 2013/04/29 v0.96 LaTeX color/graphics driver for XeTeX (RRM/JK)

))
\Gin@req@height=\dimen103
\Gin@req@width=\dimen104
)
(/usr/local/texlive/2013/texmf-dist/tex/latex/natbib/natbib.sty
Package: natbib 2010/09/13 8.31b (PWD, AO)
\bibhang=\skip43
\bibsep=\skip44
LaTeX Info: Redefining \cite on input line 694.
\c@NAT@ctr=\count88
)
(/usr/local/texlive/2013/texmf-dist/tex/latex/graphics/color.sty
Package: color 2005/11/14 v1.0j Standard LaTeX Color (DPC)

(/usr/local/texlive/2013/texmf-dist/tex/latex/latexconfig/color.cfg
File: color.cfg 2007/01/18 v1.5 color configuration of teTeX/TeXLive
)
Package color Info: Driver file: xetex.def on input line 130.
)
(/usr/local/texlive/2013/texmf-dist/tex/latex/float/float.sty
Package: float 2001/11/08 v1.3d Float enhancements (AL)
\c@float@type=\count89
\float@exts=\toks15
\float@box=\box26
\@float@everytoks=\toks16
\@floatcapt=\box27
)
(/usr/local/texlive/2013/texmf-dist/tex/latex/amsmath/amsmath.sty
Package: amsmath 2013/01/14 v2.14 AMS math features
\@mathmargin=\skip45

For additional information on amsmath, use the `?' option.
(/usr/local/texlive/2013/texmf-dist/tex/latex/amsmath/amstext.sty
Package: amstext 2000/06/29 v2.01

(/usr/local/texlive/2013/texmf-dist/tex/latex/amsmath/amsgen.sty
File: amsgen.sty 1999/11/30 v2.0
\@emptytoks=\toks17
\ex@=\dimen105
))
(/usr/local/texlive/2013/texmf-dist/tex/latex/amsmath/amsbsy.sty
Package: amsbsy 1999/11/29 v1.2d
\pmbraise@=\dimen106
)
(/usr/local/texlive/2013/texmf-dist/tex/latex/amsmath/amsopn.sty
Package: amsopn 1999/12/14 v2.01 operator names
)
\inf@bad=\count90
LaTeX Info: Redefining \frac on input line 210.
\uproot@=\count91
\leftroot@=\count92
LaTeX Info: Redefining \overline on input line 306.
\classnum@=\count93
\DOTSCASE@=\count94
LaTeX Info: Redefining \ldots on input line 378.
LaTeX Info: Redefining \dots on input line 381.
LaTeX Info: Redefining \cdots on input line 466.
\Mathstrutbox@=\box28
\strutbox@=\box29
\big@size=\dimen107
LaTeX Font Info:    Redeclaring font encoding OML on input line 566.
LaTeX Font Info:    Redeclaring font encoding OMS on input line 567.
\macc@depth=\count95
\c@MaxMatrixCols=\count96
\dotsspace@=\muskip10
\c@parentequation=\count97
\dspbrk@lvl=\count98
\tag@help=\toks18
\row@=\count99
\column@=\count100
\maxfields@=\count101
\andhelp@=\toks19
\eqnshift@=\dimen108
\alignsep@=\dimen109
\tagshift@=\dimen110
\tagwidth@=\dimen111
\totwidth@=\dimen112
\lineht@=\dimen113
\@envbody=\toks20
\multlinegap=\skip46
\multlinetaggap=\skip47
\mathdisplay@stack=\toks21
LaTeX Info: Redefining \[ on input line 2665.
LaTeX Info: Redefining \] on input line 2666.
)
(/usr/local/texlive/2013/texmf-dist/tex/latex/amsfonts/amssymb.sty
Package: amssymb 2013/01/14 v3.01 AMS font symbols

(/usr/local/texlive/2013/texmf-dist/tex/latex/amsfonts/amsfonts.sty
Package: amsfonts 2013/01/14 v3.01 Basic AMSFonts support
\symAMSa=\mathgroup4
\symAMSb=\mathgroup5
LaTeX Font Info:    Overwriting math alphabet `\mathfrak' in version `bold'
(Font)                  U/euf/m/n --> U/euf/b/n on input line 106.
))
(/usr/local/texlive/2013/texmf-dist/tex/latex/siunitx/siunitx.sty
(/usr/local/texlive/2013/texmf-dist/tex/latex/l3kernel/expl3.sty
(/usr/local/texlive/2013/texmf-dist/tex/latex/l3kernel/l3names.sty
(/usr/local/texlive/2013/texmf-dist/tex/latex/l3kernel/l3bootstrap.sty
Package: l3bootstrap 2013/01/08 v4420 L3 Experimental bootstrap code
)
Package: l3names 2012/12/07 v4346 L3 Namespace for primitives
)
(/usr/local/texlive/2013/texmf-dist/tex/latex/etex-pkg/etex.sty
Package: etex 1998/03/26 v2.0 eTeX basic definition package (PEB)
\et@xins=\count102
)
Package: expl3 2013/03/14 v4469 L3 Experimental code bundle wrapper

(/usr/local/texlive/2013/texmf-dist/tex/latex/l3kernel/l3basics.sty
Package: l3basics 2013/01/10 v4428 L3 Basic definitions
)
(/usr/local/texlive/2013/texmf-dist/tex/latex/l3kernel/l3expan.sty
Package: l3expan 2013/02/03 v4458 L3 Argument expansion
)
(/usr/local/texlive/2013/texmf-dist/tex/latex/l3kernel/l3tl.sty
Package: l3tl 2013/01/08 v4415 L3 Token lists
)
(/usr/local/texlive/2013/texmf-dist/tex/latex/l3kernel/l3seq.sty
Package: l3seq 2013/01/12 v4434 L3 Sequences and stacks
)
(/usr/local/texlive/2013/texmf-dist/tex/latex/l3kernel/l3int.sty
Package: l3int 2013/01/13 v4444 L3 Integers
\c_max_int=\count103
\l_tmpa_int=\count104
\l_tmpb_int=\count105
\g_tmpa_int=\count106
\g_tmpb_int=\count107
)
(/usr/local/texlive/2013/texmf-dist/tex/latex/l3kernel/l3quark.sty
Package: l3quark 2012/11/04 v4268 L3 Quarks
)
(/usr/local/texlive/2013/texmf-dist/tex/latex/l3kernel/l3prg.sty
Package: l3prg 2013/02/13 v4459 L3 Control structures
\g__prg_map_int=\count108
)
(/usr/local/texlive/2013/texmf-dist/tex/latex/l3kernel/l3clist.sty
Package: l3clist 2013/01/08 v4414 L3 Comma separated lists
)
(/usr/local/texlive/2013/texmf-dist/tex/latex/l3kernel/l3token.sty
Package: l3token 2013/01/10 v4428 L3 Experimental token manipulation
)
(/usr/local/texlive/2013/texmf-dist/tex/latex/l3kernel/l3prop.sty
Package: l3prop 2013/01/09 v4423 L3 Property lists
)
(/usr/local/texlive/2013/texmf-dist/tex/latex/l3kernel/l3msg.sty
Package: l3msg 2013/01/08 v4412 L3 Messages
)
(/usr/local/texlive/2013/texmf-dist/tex/latex/l3kernel/l3file.sty
Package: l3file 2013/01/14 v4446 L3 File and I/O operations
\l_iow_line_count_int=\count109
\l__iow_target_count_int=\count110
\l__iow_current_line_int=\count111
\l__iow_current_word_int=\count112
\l__iow_current_indentation_int=\count113
)
(/usr/local/texlive/2013/texmf-dist/tex/latex/l3kernel/l3skip.sty
Package: l3skip 2013/01/13 v4444 L3 Dimensions and skips
\c_zero_dim=\dimen114
\c_max_dim=\dimen115
\l_tmpa_dim=\dimen116
\l_tmpb_dim=\dimen117
\g_tmpa_dim=\dimen118
\g_tmpb_dim=\dimen119
\c_zero_skip=\skip48
\c_max_skip=\skip49
\l_tmpa_skip=\skip50
\l_tmpb_skip=\skip51
\g_tmpa_skip=\skip52
\g_tmpb_skip=\skip53
\c_zero_muskip=\muskip11
\c_max_muskip=\muskip12
\l_tmpa_muskip=\muskip13
\l_tmpb_muskip=\muskip14
\g_tmpa_muskip=\muskip15
\g_tmpb_muskip=\muskip16
)
(/usr/local/texlive/2013/texmf-dist/tex/latex/l3kernel/l3keys.sty
Package: l3keys 2013/02/24 v4461 L3 Experimental key-value interfaces
\g__keyval_level_int=\count114
\l_keys_choice_int=\count115
)
(/usr/local/texlive/2013/texmf-dist/tex/latex/l3kernel/l3fp.sty
Package: l3fp 2013/01/19 v4449 L3 Floating points
\c__fp_leading_shift_int=\count116
\c__fp_middle_shift_int=\count117
\c__fp_trailing_shift_int=\count118
\c__fp_big_leading_shift_int=\count119
\c__fp_big_middle_shift_int=\count120
\c__fp_big_trailing_shift_int=\count121
\c__fp_Bigg_leading_shift_int=\count122
\c__fp_Bigg_middle_shift_int=\count123
\c__fp_Bigg_trailing_shift_int=\count124
)
(/usr/local/texlive/2013/texmf-dist/tex/latex/l3kernel/l3box.sty
Package: l3box 2013/01/08 v4411 L3 Experimental boxes
\c_empty_box=\box30
\l_tmpa_box=\box31
\l_tmpb_box=\box32
\g_tmpa_box=\box33
\g_tmpb_box=\box34
)
(/usr/local/texlive/2013/texmf-dist/tex/latex/l3kernel/l3coffins.sty
Package: l3coffins 2012/09/09 v4212 L3 Coffin code layer
\l__coffin_internal_box=\box35
\l__coffin_internal_dim=\dimen120
\l__coffin_offset_x_dim=\dimen121
\l__coffin_offset_y_dim=\dimen122
\l__coffin_x_dim=\dimen123
\l__coffin_y_dim=\dimen124
\l__coffin_x_prime_dim=\dimen125
\l__coffin_y_prime_dim=\dimen126
\c_empty_coffin=\box36
\l__coffin_aligned_coffin=\box37
\l__coffin_aligned_internal_coffin=\box38
\l_tmpa_coffin=\box39
\l_tmpb_coffin=\box40
\l__coffin_display_coffin=\box41
\l__coffin_display_coord_coffin=\box42
\l__coffin_display_pole_coffin=\box43
\l__coffin_display_offset_dim=\dimen127
\l__coffin_display_x_dim=\dimen128
\l__coffin_display_y_dim=\dimen129
)
(/usr/local/texlive/2013/texmf-dist/tex/latex/l3kernel/l3color.sty
Package: l3color 2012/08/29 v4156 L3 Experimental color support
)
(/usr/local/texlive/2013/texmf-dist/tex/latex/l3kernel/l3luatex.sty
Package: l3luatex 2012/08/03 v4049 L3 Experimental LuaTeX-specific functions
\g__cctab_allocate_int=\count125
\g__cctab_stack_int=\count126
)
(/usr/local/texlive/2013/texmf-dist/tex/latex/l3kernel/l3candidates.sty
Package: l3candidates 2013/03/14 v4468 L3 Experimental additions to l3kernel
\l__box_top_dim=\dimen130
\l__box_bottom_dim=\dimen131
\l__box_left_dim=\dimen132
\l__box_right_dim=\dimen133
\l__box_top_new_dim=\dimen134
\l__box_bottom_new_dim=\dimen135
\l__box_left_new_dim=\dimen136
\l__box_right_new_dim=\dimen137
\l__box_internal_box=\box44
\l__coffin_bounding_shift_dim=\dimen138
\l__coffin_left_corner_dim=\dimen139
\l__coffin_right_corner_dim=\dimen140
\l__coffin_bottom_corner_dim=\dimen141
\l__coffin_top_corner_dim=\dimen142
\l__coffin_scaled_total_height_dim=\dimen143
\l__coffin_scaled_width_dim=\dimen144
)
(/usr/local/texlive/2013/texmf-dist/tex/generic/oberdiek/ifpdf.sty
Package: ifpdf 2011/01/30 v2.3 Provides the ifpdf switch (HO)
Package ifpdf Info: pdfTeX in PDF mode is not detected.
))
(/usr/local/texlive/2013/texmf-dist/tex/latex/l3packages/xparse/xparse.sty
Package: xparse 2013/03/12 v4467 L3 Experimental document command parser
\l__xparse_current_arg_int=\count127
\l__xparse_m_args_int=\count128
\l__xparse_mandatory_args_int=\count129
\l__xparse_processor_int=\count130
\l__xparse_v_nesting_int=\count131
)
Package: siunitx 2013/03/11 v2.5q A comprehensive (SI) units package

(/usr/local/texlive/2013/texmf-dist/tex/latex/tools/array.sty
Package: array 2008/09/09 v2.4c Tabular extension package (FMi)
\col@sep=\dimen145
\extrarowheight=\dimen146
\NC@list=\toks22
\extratabsurround=\skip54
\backup@length=\skip55
)
(/usr/local/texlive/2013/texmf-dist/tex/latex/l3packages/l3keys2e/l3keys2e.sty
Package: l3keys2e 2013/03/12 v4467 LaTeX2e option processing using LaTeX3 keys
)
Variant \tl_if_blank:VTF already defined; not changing it on line 50
\l__siunitx_tmp_box=\box45
\l__siunitx_tmp_dim=\dimen147
\l__siunitx_tmp_int=\count132
Variant \prop_get:NVNT already defined; not changing it on line 371
Variant \prop_get:NVNF already defined; not changing it on line 372
Variant \prop_get:NVNTF already defined; not changing it on line 373
\l__siunitx_number_mantissa_length_int=\count133
\l__siunitx_number_uncert_length_int=\count134
\l__siunitx_round_int=\count135
\l__siunitx_process_decimal_int=\count136
\l__siunitx_process_uncertainty_int=\count137
\l__siunitx_process_fixed_int=\count138
\l__siunitx_process_integer_min_int=\count139
\l__siunitx_process_precision_int=\count140
\l__siunitx_group_min_int=\count141
\l__siunitx_angle_marker_box=\box46
\l__siunitx_angle_unit_box=\box47
\l__siunitx_angle_marker_dim=\dimen148
\l__siunitx_angle_unit_dim=\dimen149
\l__siunitx_unit_int=\count142
\l__siunitx_unit_denominator_int=\count143
\l__siunitx_unit_numerator_int=\count144
\l__siunitx_unit_prefix_int=\count145
\l__siunitx_unit_prefix_base_int=\count146
\l__siunitx_unit_prefix_gram_int=\count147
\l__siunitx_number_product_int=\count148
\c__siunitx_one_fill_skip=\skip56
\l__siunitx_table_unit_align_skip=\skip57
\l__siunitx_table_exponent_dim=\dimen150
\l__siunitx_table_integer_dim=\dimen151
\l__siunitx_table_mantissa_dim=\dimen152
\l__siunitx_table_marker_dim=\dimen153
\l__siunitx_table_result_dim=\dimen154
\l__siunitx_table_uncert_dim=\dimen155
\l__siunitx_table_fill_pre_dim=\dimen156
\l__siunitx_table_fill_post_dim=\dimen157
\l__siunitx_table_fill_mid_dim=\dimen158
\l__siunitx_table_pre_box=\box48
\l__siunitx_table_post_box=\box49
\l__siunitx_table_mantissa_box=\box50
\l__siunitx_table_result_box=\box51
\l__siunitx_table_number_align_skip=\skip58
\l__siunitx_table_text_align_skip=\skip59
.................................................
. LaTeX info: "xparse/define-command"
. 
. Defining document command \DeclareBinaryPrefix with arg. spec. 'mmm' on line
. 7101.
.................................................
.................................................
. LaTeX info: "xparse/define-command"
. 
. Defining document command \DeclareSIPostPower with arg. spec. 'mm' on line
. 7104.
.................................................
.................................................
. LaTeX info: "xparse/define-command"
. 
. Defining document command \DeclareSIPrefix with arg. spec. 'mmm' on line
. 7107.
.................................................
.................................................
. LaTeX info: "xparse/define-command"
. 
. Defining document command \DeclareSIPrePower with arg. spec. 'mm' on line
. 7110.
.................................................
.................................................
. LaTeX info: "xparse/define-command"
. 
. Defining document command \DeclareSIQualifier with arg. spec. 'mm' on line
. 7113.
.................................................
.................................................
. LaTeX info: "xparse/define-command"
. 
. Defining document command \DeclareSIUnit with arg. spec. 'O{}mm' on line
. 7116.
.................................................
.................................................
. LaTeX info: "xparse/define-command"
. 
. Defining document command \DeclareSIUnitWithOptions with arg. spec. 'mmm' on
. line 7119.
.................................................
.................................................
. LaTeX info: "xparse/define-command"
. 
. Defining document command \ang with arg. spec. 'o>{\SplitArgument {2}{;}}m'
. on line 7134.
.................................................
.................................................
. LaTeX info: "xparse/define-command"
. 
. Defining document command \num with arg. spec. 'om' on line 7142.
.................................................
.................................................
. LaTeX info: "xparse/define-command"
. 
. Defining document command \numlist with arg. spec. 'o>{\SplitList {;}}m' on
. line 7150.
.................................................
.................................................
. LaTeX info: "xparse/define-command"
. 
. Defining document command \numrange with arg. spec. 'omm' on line 7158.
.................................................
.................................................
. LaTeX info: "xparse/define-command"
. 
. Defining document command \SIlist with arg. spec. 'o>{\SplitList {;}}mm' on
. line 7169.
.................................................
.................................................
. LaTeX info: "xparse/define-command"
. 
. Defining document command \SIrange with arg. spec. 'ommm' on line 7180.
.................................................
.................................................
. LaTeX info: "xparse/define-command"
. 
. Defining document command \SI with arg. spec. 'omom' on line 7191.
.................................................
.................................................
. LaTeX info: "xparse/define-command"
. 
. Defining document command \sisetup with arg. spec. 'm' on line 7194.
.................................................
.................................................
. LaTeX info: "xparse/define-command"
. 
. Defining document command \tablenum with arg. spec. 'om' on line 7206.
.................................................
.................................................
. LaTeX info: "xparse/define-command"
. 
. Defining document command \si with arg. spec. 'om' on line 7217.
.................................................
.................................................
. LaTeX info: "xparse/define-command"
. 
. Defining document command \__siunitx_bookmark_num:w with arg. spec. 'om' on
. line 7262.
.................................................
.................................................
. LaTeX info: "xparse/define-command"
. 
. Defining document command \__siunitx_bookmark_numrange:w with arg. spec.
. 'omm' on line 7264.
.................................................
.................................................
. LaTeX info: "xparse/define-command"
. 
. Defining document command \__siunitx_bookmark_SI:w with arg. spec. 'omom' on
. line 7266.
.................................................
.................................................
. LaTeX info: "xparse/define-command"
. 
. Defining document command \__siunitx_bookmark_SIlist:w with arg. spec. 'omm'
. on line 7268.
.................................................
.................................................
. LaTeX info: "xparse/define-command"
. 
. Defining document command \__siunitx_bookmark_SIrange:w with arg. spec.
. 'ommm' on line 7270.
.................................................
.................................................
. LaTeX info: "xparse/define-command"
. 
. Defining document command \__siunitx_bookmark_si:w with arg. spec. 'om' on
. line 7271.
.................................................
\g__file_internal_ior=\read1
(/usr/local/texlive/2013/texmf-dist/tex/latex/beamer/translator/translator.sty
Package: translator 2010/06/12 ver 1.10

(/usr/local/texlive/2013/texmf-dist/tex/latex/beamer/translator/translator-lang
uage-mappings.tex))
*************************************************
* siunitx warning: "version-1-option"
* 
* Version 1 option 'emulate' detected.
*************************************************

(/usr/local/texlive/2013/texmf-dist/tex/latex/siunitx/config/siunitx-version-1.
cfg
File: siunitx-version-1.cfg 2013/03/11 v2.5q siunitx: Version 1 settings
.................................................
. LaTeX info: "xparse/define-command"
. 
. Defining document command \newpower with arg. spec. 'omm' on line 636.
.................................................
.................................................
. LaTeX info: "xparse/define-command"
. 
. Defining document command \renewpower with arg. spec. 'omm' on line 641.
.................................................
.................................................
. LaTeX info: "xparse/define-command"
. 
. Defining document command \providepower with arg. spec. 'omm' on line 646.
.................................................
.................................................
. LaTeX info: "xparse/define-command"
. 
. Defining document command \newprefix with arg. spec. 'ommm' on line 651.
.................................................
.................................................
. LaTeX info: "xparse/define-command"
. 
. Defining document command \renewprefix with arg. spec. 'ommm' on line 656.
.................................................
.................................................
. LaTeX info: "xparse/define-command"
. 
. Defining document command \provideprefix with arg. spec. 'ommm' on line 661.
.................................................
.................................................
. LaTeX info: "xparse/define-command"
. 
. Defining document command \newqualifier with arg. spec. 'mm' on line 664.
.................................................
.................................................
. LaTeX info: "xparse/define-command"
. 
. Defining document command \requiresiconfigs with arg. spec. 'm' on line 732.
.................................................
)) (/usr/local/texlive/2013/texmf-dist/tex/latex/pdfpages/pdfpages.sty
Package: pdfpages 2012/08/31 v0.4t Insert pages of external PDF documents (AM)

(/usr/local/texlive/2013/texmf-dist/tex/latex/base/ifthen.sty
Package: ifthen 2001/05/26 v1.1c Standard LaTeX ifthen package (DPC)
)
(/usr/local/texlive/2013/texmf-dist/tex/latex/tools/calc.sty
Package: calc 2007/08/22 v4.3 Infix arithmetic (KKT,FJ)
\calc@Acount=\count149
\calc@Bcount=\count150
\calc@Adimen=\dimen159
\calc@Bdimen=\dimen160
\calc@Askip=\skip60
\calc@Bskip=\skip61
LaTeX Info: Redefining \setlength on input line 76.
LaTeX Info: Redefining \addtolength on input line 77.
\calc@Ccount=\count151
\calc@Cskip=\skip62
)
(/usr/local/texlive/2013/texmf-dist/tex/latex/eso-pic/eso-pic.sty
Package: eso-pic 2010/10/06 v2.0c eso-pic (RN)

(/usr/local/texlive/2013/texmf-dist/tex/generic/oberdiek/atbegshi.sty
Package: atbegshi 2011/10/05 v1.16 At begin shipout hook (HO)

(/usr/local/texlive/2013/texmf-dist/tex/generic/oberdiek/infwarerr.sty
Package: infwarerr 2010/04/08 v1.3 Providing info/warning/error messages (HO)
)
(/usr/local/texlive/2013/texmf-dist/tex/generic/oberdiek/ltxcmds.sty
Package: ltxcmds 2011/11/09 v1.22 LaTeX kernel commands for general use (HO)
)))
(/usr/local/texlive/2013/texmf-dist/tex/latex/pdfpages/ppxetex.def
File: ppxetex.def 2012/08/31 v0.4t Pdfpages driver for XeTeX (AM)
)
\AM@pagebox=\box52
\AM@toc@title=\toks23
\c@AM@survey=\count152
\AM@templatesizebox=\box53
)
(/usr/local/texlive/2013/texmf-dist/tex/latex/todonotes/todonotes.sty
Package: todonotes 2012/07/25 .dtx Todonotes source and documentation.
Package: todonotes 2012/07/25

(/usr/local/texlive/2013/texmf-dist/tex/latex/xkeyval/xkeyval.sty
Package: xkeyval 2012/10/14 v2.6b package option processing (HA)

(/usr/local/texlive/2013/texmf-dist/tex/generic/xkeyval/xkeyval.tex
\XKV@toks=\toks24
\XKV@tempa@toks=\toks25
\XKV@depth=\count153
File: xkeyval.tex 2012/10/14 v2.6b key=value parser (HA)
))
(/usr/local/texlive/2013/texmf-dist/tex/latex/xcolor/xcolor.sty
Package: xcolor 2007/01/21 v2.11 LaTeX color extensions (UK)

(/usr/local/texlive/2013/texmf-dist/tex/latex/latexconfig/color.cfg
File: color.cfg 2007/01/18 v1.5 color configuration of teTeX/TeXLive
)
Package xcolor Info: Driver file: xetex.def on input line 225.
LaTeX Info: Redefining \color on input line 702.
Package xcolor Info: Model `cmy' substituted by `cmy0' on input line 1337.
Package xcolor Info: Model `RGB' extended on input line 1353.
Package xcolor Info: Model `HTML' substituted by `rgb' on input line 1355.
Package xcolor Info: Model `Hsb' substituted by `hsb' on input line 1356.
Package xcolor Info: Model `tHsb' substituted by `hsb' on input line 1357.
Package xcolor Info: Model `HSB' substituted by `hsb' on input line 1358.
Package xcolor Info: Model `Gray' substituted by `gray' on input line 1359.
Package xcolor Info: Model `wave' substituted by `hsb' on input line 1360.
)
(/usr/local/texlive/2013/texmf-dist/tex/latex/pgf/frontendlayer/tikz.sty
(/usr/local/texlive/2013/texmf-dist/tex/latex/pgf/basiclayer/pgf.sty
(/usr/local/texlive/2013/texmf-dist/tex/latex/pgf/utilities/pgfrcs.sty
(/usr/local/texlive/2013/texmf-dist/tex/generic/pgf/utilities/pgfutil-common.te
x
\pgfutil@everybye=\toks26
)
(/usr/local/texlive/2013/texmf-dist/tex/generic/pgf/utilities/pgfutil-latex.def
\pgfutil@abb=\box54
(/usr/local/texlive/2013/texmf-dist/tex/latex/ms/everyshi.sty
Package: everyshi 2001/05/15 v3.00 EveryShipout Package (MS)
))
(/usr/local/texlive/2013/texmf-dist/tex/generic/pgf/utilities/pgfrcs.code.tex
Package: pgfrcs 2010/10/25 v2.10 (rcs-revision 1.24)
))
Package: pgf 2008/01/15 v2.10 (rcs-revision 1.12)
(/usr/local/texlive/2013/texmf-dist/tex/latex/pgf/basiclayer/pgfcore.sty
(/usr/local/texlive/2013/texmf-dist/tex/latex/pgf/systemlayer/pgfsys.sty
(/usr/local/texlive/2013/texmf-dist/tex/generic/pgf/systemlayer/pgfsys.code.tex
Package: pgfsys 2010/06/30 v2.10 (rcs-revision 1.37)
(/usr/local/texlive/2013/texmf-dist/tex/generic/pgf/utilities/pgfkeys.code.tex
\pgfkeys@pathtoks=\toks27
\pgfkeys@temptoks=\toks28

(/usr/local/texlive/2013/texmf-dist/tex/generic/pgf/utilities/pgfkeysfiltered.c
ode.tex
\pgfkeys@tmptoks=\toks29
))
\pgf@x=\dimen161
\pgf@y=\dimen162
\pgf@xa=\dimen163
\pgf@ya=\dimen164
\pgf@xb=\dimen165
\pgf@yb=\dimen166
\pgf@xc=\dimen167
\pgf@yc=\dimen168
\w@pgf@writea=\write3
\r@pgf@reada=\read2
\c@pgf@counta=\count154
\c@pgf@countb=\count155
\c@pgf@countc=\count156
\c@pgf@countd=\count157

(/usr/local/texlive/2013/texmf-dist/tex/generic/pgf/systemlayer/pgf.cfg
File: pgf.cfg 2008/05/14  (rcs-revision 1.7)
)
Package pgfsys Info: Driver file for pgf: pgfsys-xetex.def on input line 900.

(/usr/local/texlive/2013/texmf-dist/tex/generic/pgf/systemlayer/pgfsys-xetex.de
f
File: pgfsys-xetex.def 2010/02/16  (rcs-revision 1.3)

(/usr/local/texlive/2013/texmf-dist/tex/generic/pgf/systemlayer/pgfsys-common-p
df.def
File: pgfsys-common-pdf.def 2008/05/19  (rcs-revision 1.10)
)
(/usr/local/texlive/2013/texmf-dist/tex/generic/pgf/systemlayer/pgfsys-common-p
df-via-dvi.def
File: pgfsys-common-pdf-via-dvi.def 2008/05/19  (rcs-revision 1.7)
)))
(/usr/local/texlive/2013/texmf-dist/tex/generic/pgf/systemlayer/pgfsyssoftpath.
code.tex
File: pgfsyssoftpath.code.tex 2008/07/18  (rcs-revision 1.7)
\pgfsyssoftpath@smallbuffer@items=\count158
\pgfsyssoftpath@bigbuffer@items=\count159
)
(/usr/local/texlive/2013/texmf-dist/tex/generic/pgf/systemlayer/pgfsysprotocol.
code.tex
File: pgfsysprotocol.code.tex 2006/10/16  (rcs-revision 1.4)
))
(/usr/local/texlive/2013/texmf-dist/tex/generic/pgf/basiclayer/pgfcore.code.tex
Package: pgfcore 2010/04/11 v2.10 (rcs-revision 1.7)
(/usr/local/texlive/2013/texmf-dist/tex/generic/pgf/math/pgfmath.code.tex
(/usr/local/texlive/2013/texmf-dist/tex/generic/pgf/math/pgfmathcalc.code.tex
(/usr/local/texlive/2013/texmf-dist/tex/generic/pgf/math/pgfmathutil.code.tex)
(/usr/local/texlive/2013/texmf-dist/tex/generic/pgf/math/pgfmathparser.code.tex
\pgfmath@dimen=\dimen169
\pgfmath@count=\count160
\pgfmath@box=\box55
\pgfmath@toks=\toks30
\pgfmath@stack@operand=\toks31
\pgfmath@stack@operation=\toks32
)
(/usr/local/texlive/2013/texmf-dist/tex/generic/pgf/math/pgfmathfunctions.code.
tex
(/usr/local/texlive/2013/texmf-dist/tex/generic/pgf/math/pgfmathfunctions.basic
.code.tex)
(/usr/local/texlive/2013/texmf-dist/tex/generic/pgf/math/pgfmathfunctions.trigo
nometric.code.tex)
(/usr/local/texlive/2013/texmf-dist/tex/generic/pgf/math/pgfmathfunctions.rando
m.code.tex)
(/usr/local/texlive/2013/texmf-dist/tex/generic/pgf/math/pgfmathfunctions.compa
rison.code.tex)
(/usr/local/texlive/2013/texmf-dist/tex/generic/pgf/math/pgfmathfunctions.base.
code.tex)
(/usr/local/texlive/2013/texmf-dist/tex/generic/pgf/math/pgfmathfunctions.round
.code.tex)
(/usr/local/texlive/2013/texmf-dist/tex/generic/pgf/math/pgfmathfunctions.misc.
code.tex)))
(/usr/local/texlive/2013/texmf-dist/tex/generic/pgf/math/pgfmathfloat.code.tex
\c@pgfmathroundto@lastzeros=\count161
))
(/usr/local/texlive/2013/texmf-dist/tex/generic/pgf/basiclayer/pgfcorepoints.co
de.tex
File: pgfcorepoints.code.tex 2010/04/09  (rcs-revision 1.20)
\pgf@picminx=\dimen170
\pgf@picmaxx=\dimen171
\pgf@picminy=\dimen172
\pgf@picmaxy=\dimen173
\pgf@pathminx=\dimen174
\pgf@pathmaxx=\dimen175
\pgf@pathminy=\dimen176
\pgf@pathmaxy=\dimen177
\pgf@xx=\dimen178
\pgf@xy=\dimen179
\pgf@yx=\dimen180
\pgf@yy=\dimen181
\pgf@zx=\dimen182
\pgf@zy=\dimen183
)
(/usr/local/texlive/2013/texmf-dist/tex/generic/pgf/basiclayer/pgfcorepathconst
ruct.code.tex
File: pgfcorepathconstruct.code.tex 2010/08/03  (rcs-revision 1.24)
\pgf@path@lastx=\dimen184
\pgf@path@lasty=\dimen185
)
(/usr/local/texlive/2013/texmf-dist/tex/generic/pgf/basiclayer/pgfcorepathusage
.code.tex
File: pgfcorepathusage.code.tex 2008/04/22  (rcs-revision 1.12)
\pgf@shorten@end@additional=\dimen186
\pgf@shorten@start@additional=\dimen187
)
(/usr/local/texlive/2013/texmf-dist/tex/generic/pgf/basiclayer/pgfcorescopes.co
de.tex
File: pgfcorescopes.code.tex 2010/09/08  (rcs-revision 1.34)
\pgfpic=\box56
\pgf@hbox=\box57
\pgf@layerbox@main=\box58
\pgf@picture@serial@count=\count162
)
(/usr/local/texlive/2013/texmf-dist/tex/generic/pgf/basiclayer/pgfcoregraphicst
ate.code.tex
File: pgfcoregraphicstate.code.tex 2008/04/22  (rcs-revision 1.9)
\pgflinewidth=\dimen188
)
(/usr/local/texlive/2013/texmf-dist/tex/generic/pgf/basiclayer/pgfcoretransform
ations.code.tex
File: pgfcoretransformations.code.tex 2009/06/10  (rcs-revision 1.11)
\pgf@pt@x=\dimen189
\pgf@pt@y=\dimen190
\pgf@pt@temp=\dimen191
)
(/usr/local/texlive/2013/texmf-dist/tex/generic/pgf/basiclayer/pgfcorequick.cod
e.tex
File: pgfcorequick.code.tex 2008/10/09  (rcs-revision 1.3)
)
(/usr/local/texlive/2013/texmf-dist/tex/generic/pgf/basiclayer/pgfcoreobjects.c
ode.tex
File: pgfcoreobjects.code.tex 2006/10/11  (rcs-revision 1.2)
)
(/usr/local/texlive/2013/texmf-dist/tex/generic/pgf/basiclayer/pgfcorepathproce
ssing.code.tex
File: pgfcorepathprocessing.code.tex 2008/10/09  (rcs-revision 1.8)
)
(/usr/local/texlive/2013/texmf-dist/tex/generic/pgf/basiclayer/pgfcorearrows.co
de.tex
File: pgfcorearrows.code.tex 2008/04/23  (rcs-revision 1.11)
)
(/usr/local/texlive/2013/texmf-dist/tex/generic/pgf/basiclayer/pgfcoreshade.cod
e.tex
File: pgfcoreshade.code.tex 2008/11/23  (rcs-revision 1.13)
\pgf@max=\dimen192
\pgf@sys@shading@range@num=\count163
)
(/usr/local/texlive/2013/texmf-dist/tex/generic/pgf/basiclayer/pgfcoreimage.cod
e.tex
File: pgfcoreimage.code.tex 2010/03/25  (rcs-revision 1.16)

(/usr/local/texlive/2013/texmf-dist/tex/generic/pgf/basiclayer/pgfcoreexternal.
code.tex
File: pgfcoreexternal.code.tex 2010/09/01  (rcs-revision 1.17)
\pgfexternal@startupbox=\box59
))
(/usr/local/texlive/2013/texmf-dist/tex/generic/pgf/basiclayer/pgfcorelayers.co
de.tex
File: pgfcorelayers.code.tex 2010/08/27  (rcs-revision 1.2)
)
(/usr/local/texlive/2013/texmf-dist/tex/generic/pgf/basiclayer/pgfcoretranspare
ncy.code.tex
File: pgfcoretransparency.code.tex 2008/01/17  (rcs-revision 1.2)
)
(/usr/local/texlive/2013/texmf-dist/tex/generic/pgf/basiclayer/pgfcorepatterns.
code.tex
File: pgfcorepatterns.code.tex 2009/07/02  (rcs-revision 1.3)
)))
(/usr/local/texlive/2013/texmf-dist/tex/generic/pgf/modules/pgfmoduleshapes.cod
e.tex
File: pgfmoduleshapes.code.tex 2010/09/09  (rcs-revision 1.13)
\pgfnodeparttextbox=\box60
)
(/usr/local/texlive/2013/texmf-dist/tex/generic/pgf/modules/pgfmoduleplot.code.
tex
File: pgfmoduleplot.code.tex 2010/10/22  (rcs-revision 1.8)
)
(/usr/local/texlive/2013/texmf-dist/tex/latex/pgf/compatibility/pgfcomp-version
-0-65.sty
Package: pgfcomp-version-0-65 2007/07/03 v2.10 (rcs-revision 1.7)
\pgf@nodesepstart=\dimen193
\pgf@nodesepend=\dimen194
)
(/usr/local/texlive/2013/texmf-dist/tex/latex/pgf/compatibility/pgfcomp-version
-1-18.sty
Package: pgfcomp-version-1-18 2007/07/23 v2.10 (rcs-revision 1.1)
))
(/usr/local/texlive/2013/texmf-dist/tex/latex/pgf/utilities/pgffor.sty
(/usr/local/texlive/2013/texmf-dist/tex/latex/pgf/utilities/pgfkeys.sty
(/usr/local/texlive/2013/texmf-dist/tex/generic/pgf/utilities/pgfkeys.code.tex)
) (/usr/local/texlive/2013/texmf-dist/tex/generic/pgf/utilities/pgffor.code.tex
Package: pgffor 2010/03/23 v2.10 (rcs-revision 1.18)
\pgffor@iter=\dimen195
\pgffor@skip=\dimen196
\pgffor@stack=\toks33
\pgffor@toks=\toks34
))
(/usr/local/texlive/2013/texmf-dist/tex/generic/pgf/frontendlayer/tikz/tikz.cod
e.tex
Package: tikz 2010/10/13 v2.10 (rcs-revision 1.76)

(/usr/local/texlive/2013/texmf-dist/tex/generic/pgf/libraries/pgflibraryplothan
dlers.code.tex
File: pgflibraryplothandlers.code.tex 2010/05/31 v2.10 (rcs-revision 1.15)
\pgf@plot@mark@count=\count164
\pgfplotmarksize=\dimen197
)
\tikz@lastx=\dimen198
\tikz@lasty=\dimen199
\tikz@lastxsaved=\dimen200
\tikz@lastysaved=\dimen201
Normal \dimen register pool exhausted, switching to extended pool.
\tikzleveldistance=\dimen256
\tikzsiblingdistance=\dimen257
\tikz@figbox=\box61
\tikz@tempbox=\box62
\tikztreelevel=\count165
\tikznumberofchildren=\count166
\tikznumberofcurrentchild=\count167
\tikz@fig@count=\count168

(/usr/local/texlive/2013/texmf-dist/tex/generic/pgf/modules/pgfmodulematrix.cod
e.tex
File: pgfmodulematrix.code.tex 2010/08/24  (rcs-revision 1.4)
\pgfmatrixcurrentrow=\count169
\pgfmatrixcurrentcolumn=\count170
\pgf@matrix@numberofcolumns=\count171
)
\tikz@expandcount=\count172

(/usr/local/texlive/2013/texmf-dist/tex/generic/pgf/frontendlayer/tikz/librarie
s/tikzlibrarytopaths.code.tex
File: tikzlibrarytopaths.code.tex 2008/06/17 v2.10 (rcs-revision 1.2)
)))
(/usr/local/texlive/2013/texmf-dist/tex/generic/pgf/frontendlayer/tikz/librarie
s/tikzlibrarypositioning.code.tex
File: tikzlibrarypositioning.code.tex 2008/10/06 v2.10 (rcs-revision 1.7)
)
\c@@todonotes@numberoftodonotes=\count173
)
(/usr/local/texlive/2013/texmf-dist/tex/latex/hyperref/hyperref.sty
Package: hyperref 2012/11/06 v6.83m Hypertext links for LaTeX

(/usr/local/texlive/2013/texmf-dist/tex/generic/oberdiek/hobsub-hyperref.sty
Package: hobsub-hyperref 2012/05/28 v1.13 Bundle oberdiek, subset hyperref (HO)


(/usr/local/texlive/2013/texmf-dist/tex/generic/oberdiek/hobsub-generic.sty
Package: hobsub-generic 2012/05/28 v1.13 Bundle oberdiek, subset generic (HO)
Package: hobsub 2012/05/28 v1.13 Construct package bundles (HO)
Package hobsub Info: Skipping package `infwarerr' (already loaded).
Package hobsub Info: Skipping package `ltxcmds' (already loaded).
Package: ifluatex 2010/03/01 v1.3 Provides the ifluatex switch (HO)
Package ifluatex Info: LuaTeX not detected.
Package: ifvtex 2010/03/01 v1.5 Detect VTeX and its facilities (HO)
Package ifvtex Info: VTeX not detected.
Package: intcalc 2007/09/27 v1.1 Expandable calculations with integers (HO)
Package hobsub Info: Skipping package `ifpdf' (already loaded).
Package: etexcmds 2011/02/16 v1.5 Avoid name clashes with e-TeX commands (HO)
Package etexcmds Info: Could not find \expanded.
(etexcmds)             That can mean that you are not using pdfTeX 1.50 or
(etexcmds)             that some package has redefined \expanded.
(etexcmds)             In the latter case, load this package earlier.
Package: kvsetkeys 2012/04/25 v1.16 Key value parser (HO)
Package: kvdefinekeys 2011/04/07 v1.3 Define keys (HO)
Package: pdftexcmds 2011/11/29 v0.20 Utility functions of pdfTeX for LuaTeX (HO
)
Package pdftexcmds Info: LuaTeX not detected.
Package pdftexcmds Info: pdfTeX >= 1.30 not detected.
Package pdftexcmds Info: \pdf@primitive is available.
Package pdftexcmds Info: \pdf@ifprimitive is available.
Package pdftexcmds Info: \pdfdraftmode not found.
Package: pdfescape 2011/11/25 v1.13 Implements pdfTeX's escape features (HO)
Package: bigintcalc 2012/04/08 v1.3 Expandable calculations on big integers (HO
)
Package: bitset 2011/01/30 v1.1 Handle bit-vector datatype (HO)
Package: uniquecounter 2011/01/30 v1.2 Provide unlimited unique counter (HO)
)
Package hobsub Info: Skipping package `hobsub' (already loaded).
Package: letltxmacro 2010/09/02 v1.4 Let assignment for LaTeX macros (HO)
Package: hopatch 2012/05/28 v1.2 Wrapper for package hooks (HO)
Package: xcolor-patch 2011/01/30 xcolor patch
Package: atveryend 2011/06/30 v1.8 Hooks at the very end of document (HO)
Package atveryend Info: \enddocument detected (standard20110627).
Package hobsub Info: Skipping package `atbegshi' (already loaded).
Package: refcount 2011/10/16 v3.4 Data extraction from label references (HO)
Package: hycolor 2011/01/30 v1.7 Color options for hyperref/bookmark (HO)
)
(/usr/local/texlive/2013/texmf-dist/tex/generic/ifxetex/ifxetex.sty
Package: ifxetex 2010/09/12 v0.6 Provides ifxetex conditional
)
(/usr/local/texlive/2013/texmf-dist/tex/latex/oberdiek/auxhook.sty
Package: auxhook 2011/03/04 v1.3 Hooks for auxiliary files (HO)
)
(/usr/local/texlive/2013/texmf-dist/tex/latex/oberdiek/kvoptions.sty
Package: kvoptions 2011/06/30 v3.11 Key value format for package options (HO)
)
\@linkdim=\dimen258
\Hy@linkcounter=\count174
\Hy@pagecounter=\count175

(/usr/local/texlive/2013/texmf-dist/tex/latex/hyperref/pd1enc.def
File: pd1enc.def 2012/11/06 v6.83m Hyperref: PDFDocEncoding definition (HO)
)
\Hy@SavedSpaceFactor=\count176

(/usr/local/texlive/2013/texmf-dist/tex/latex/latexconfig/hyperref.cfg
File: hyperref.cfg 2002/06/06 v1.2 hyperref configuration of TeXLive
)
Package hyperref Info: Option `colorlinks' set `true' on input line 4319.
Package hyperref Info: Hyper figures OFF on input line 4443.
Package hyperref Info: Link nesting OFF on input line 4448.
Package hyperref Info: Hyper index ON on input line 4451.
Package hyperref Info: Plain pages OFF on input line 4458.
Package hyperref Info: Backreferencing OFF on input line 4463.
Package hyperref Info: Implicit mode ON; LaTeX internals redefined.
Package hyperref Info: Bookmarks ON on input line 4688.
\c@Hy@tempcnt=\count177

(/usr/local/texlive/2013/texmf-dist/tex/latex/url/url.sty
\Urlmuskip=\muskip17
Package: url 2006/04/12  ver 3.3  Verb mode for urls, etc.
)
LaTeX Info: Redefining \url on input line 5041.
\XeTeXLinkMargin=\dimen259
\Fld@menulength=\count178
\Field@Width=\dimen260
\Fld@charsize=\dimen261
Package hyperref Info: Hyper figures OFF on input line 6295.
Package hyperref Info: Link nesting OFF on input line 6300.
Package hyperref Info: Hyper index ON on input line 6303.
Package hyperref Info: backreferencing OFF on input line 6310.
Package hyperref Info: Link coloring ON on input line 6313.
Package hyperref Info: Link coloring with OCG OFF on input line 6320.
Package hyperref Info: PDF/A mode OFF on input line 6325.
LaTeX Info: Redefining \ref on input line 6365.
LaTeX Info: Redefining \pageref on input line 6369.
\Hy@abspage=\count179
\c@Item=\count180
\c@Hfootnote=\count181
)

Package hyperref Message: Driver (autodetected): hxetex.

(/usr/local/texlive/2013/texmf-dist/tex/latex/hyperref/hxetex.def
File: hxetex.def 2012/11/06 v6.83m Hyperref driver for XeTeX

(/usr/local/texlive/2013/texmf-dist/tex/latex/hyperref/puenc.def
File: puenc.def 2012/11/06 v6.83m Hyperref: PDF Unicode definition (HO)
)
(/usr/local/texlive/2013/texmf-dist/tex/generic/oberdiek/stringenc.sty
Package: stringenc 2011/12/02 v1.10 Convert strings between diff. encodings (HO
)
)
\pdfm@box=\box63
\c@Hy@AnnotLevel=\count182
\HyField@AnnotCount=\count183
\Fld@listcount=\count184
\c@bookmark@seq@number=\count185

(/usr/local/texlive/2013/texmf-dist/tex/latex/oberdiek/rerunfilecheck.sty
Package: rerunfilecheck 2011/04/15 v1.7 Rerun checks for auxiliary files (HO)
Package rerunfilecheck Info: Feature \pdfmdfivesum is not available
(rerunfilecheck)             (e.g. pdfTeX or LuaTeX with package `pdftexcmds').

(rerunfilecheck)             Therefore file contents cannot be checked efficien
tly
(rerunfilecheck)             and the loading of the package is aborted.
)
\Hy@SectionHShift=\skip63
))
(./minted.sty
Package: minted 2011/09/17 v1.7 Yet another Pygments shim for LaTeX

(/usr/local/texlive/2013/texmf-dist/tex/latex/fancyvrb/fancyvrb.sty
Package: fancyvrb 2008/02/07

Style option: `fancyvrb' v2.7a, with DG/SPQR fixes, and firstline=lastline fix 
<2008/02/07> (tvz)
\FV@CodeLineNo=\count186
\FV@InFile=\read3
\FV@TabBox=\box64
\c@FancyVerbLine=\count187
\FV@StepNumber=\count188
\FV@OutFile=\write4
)
(/usr/local/texlive/2013/texmf-dist/tex/latex/ifplatform/ifplatform.sty
Package: ifplatform 2010/10/22 v0.4 Testing for the operating system

(/usr/local/texlive/2013/texmf-dist/tex/generic/oberdiek/catchfile.sty
Package: catchfile 2011/03/01 v1.6 Catch the contents of a file (HO)
)
runsystem(uname -s > "hw2.w18")...executed.


(./hw2.w18)
runsystem(rm -- "hw2.w18")...executed.

)
\minted@bgbox=\box65
\minted@code=\write5
\@float@every@listing=\toks35
\c@listing=\count189
)
runsystem(which pygmentize && touch hw2.aex)...executed.

runsystem(rm hw2.aex)...executed.


(/usr/local/texlive/2013/texmf-dist/tex/latex/listings/listings.sty
\lst@mode=\count190
\lst@gtempboxa=\box66
\lst@token=\toks36
\lst@length=\count191
\lst@currlwidth=\dimen262
\lst@column=\count192
\lst@pos=\count193
\lst@lostspace=\dimen263
\lst@width=\dimen264
\lst@newlines=\count194
\lst@lineno=\count195
\lst@maxwidth=\dimen265

(/usr/local/texlive/2013/texmf-dist/tex/latex/listings/lstmisc.sty
File: lstmisc.sty 2007/02/22 1.4 (Carsten Heinz)
\c@lstnumber=\count196
\lst@skipnumbers=\count197
\lst@framebox=\box67
)
(/usr/local/texlive/2013/texmf-dist/tex/latex/listings/listings.cfg
File: listings.cfg 2007/02/22 1.4 listings configuration
))
Package: listings 2007/02/22 1.4 (Carsten Heinz)

(/usr/local/texlive/2013/texmf-dist/tex/latex/geometry/geometry.sty
Package: geometry 2010/09/12 v5.6 Page Geometry
\Gm@cnth=\count198
\Gm@cntv=\count199
\c@Gm@tempcnt=\count200
\Gm@bindingoffset=\dimen266
\Gm@wd@mp=\dimen267
\Gm@odd@mp=\dimen268
\Gm@even@mp=\dimen269
\Gm@layoutwidth=\dimen270
\Gm@layoutheight=\dimen271
\Gm@layouthoffset=\dimen272
\Gm@layoutvoffset=\dimen273
\Gm@dimlist=\toks37
)
(/usr/local/texlive/2013/texmf-dist/tex/latex/oberdiek/pdflscape.sty
Package: pdflscape 2008/08/11 v0.10 Display of landscape pages in PDF (HO)

(/usr/local/texlive/2013/texmf-dist/tex/latex/graphics/lscape.sty
Package: lscape 2000/10/22 v3.01 Landscape Pages (DPC)
)
Package pdflscape Info: Auto-detected driver: dvipdfm (xetex) on input line 98.

)
(/usr/local/texlive/2013/texmf-dist/tex/latex/base/flafter.sty
Package: flafter 2000/07/23 v1.2i Standard LaTeX floats after reference (FMi)
)
(/usr/local/texlive/2013/texmf-dist/tex/latex/auto-pst-pdf/auto-pst-pdf.sty
Package: auto-pst-pdf 2009/04/26 v0.6 Wrapper for pst-pdf
\c@app@runs=\count201

(/usr/local/texlive/2013/texmf-dist/tex/latex/pst-pdf/pst-pdf.sty
Package: pst-pdf 2008/10/09 v1.1v PS graphics for pdfLaTeX (RN,HjG)
Normal \count register pool exhausted, switching to extended pool.
\c@pspicture=\count277
Package pst-pdf Info: MODE: 9 (inactive mode) on input line 458.
)) (./hw2.aux)
\openout1 = `hw2.aux'.

LaTeX Font Info:    Checking defaults for OML/cmm/m/it on input line 16.
LaTeX Font Info:    ... okay on input line 16.
LaTeX Font Info:    Checking defaults for T1/cmr/m/n on input line 16.
LaTeX Font Info:    ... okay on input line 16.
LaTeX Font Info:    Checking defaults for OT1/cmr/m/n on input line 16.
LaTeX Font Info:    ... okay on input line 16.
LaTeX Font Info:    Checking defaults for OMS/cmsy/m/n on input line 16.
LaTeX Font Info:    ... okay on input line 16.
LaTeX Font Info:    Checking defaults for OMX/cmex/m/n on input line 16.
LaTeX Font Info:    ... okay on input line 16.
LaTeX Font Info:    Checking defaults for U/cmr/m/n on input line 16.
LaTeX Font Info:    ... okay on input line 16.
LaTeX Font Info:    Checking defaults for PD1/pdf/m/n on input line 16.
LaTeX Font Info:    ... okay on input line 16.
LaTeX Font Info:    Checking defaults for PU/pdf/m/n on input line 16.
LaTeX Font Info:    ... okay on input line 16.

(/usr/local/texlive/2013/texmf-dist/tex/latex/beamer/translator/dicts/translato
r-basic-dictionary/translator-basic-dictionary-English.dict
Dictionary: translator-basic-dictionary, Language: English 
)
(/usr/local/texlive/2013/texmf-dist/tex/latex/siunitx/config/siunitx-abbreviati
ons.cfg
File: siunitx-abbreviations.cfg 2013/03/11 v2.5q siunitx: Abbreviated units
)
.................................................
. LaTeX info: "xparse/define-command"
. 
. Defining document command \of with arg. spec. '' on line 16.
.................................................
.................................................
. LaTeX info: "xparse/define-command"
. 
. Defining document command \highlight with arg. spec. '' on line 16.
.................................................
.................................................
. LaTeX info: "xparse/define-command"
. 
. Defining document command \per with arg. spec. '' on line 16.
.................................................
.................................................
. LaTeX info: "xparse/define-command"
. 
. Defining document command \raiseto with arg. spec. '' on line 16.
.................................................
.................................................
. LaTeX info: "xparse/define-command"
. 
. Defining document command \tothe with arg. spec. '' on line 16.
.................................................
.................................................
. LaTeX info: "xparse/define-command"
. 
. Defining document command \kilogram with arg. spec. '' on line 16.
.................................................
.................................................
. LaTeX info: "xparse/define-command"
. 
. Defining document command \metre with arg. spec. '' on line 16.
.................................................
.................................................
. LaTeX info: "xparse/define-command"
. 
. Defining document command \meter with arg. spec. '' on line 16.
.................................................
.................................................
. LaTeX info: "xparse/define-command"
. 
. Defining document command \mole with arg. spec. '' on line 16.
.................................................
.................................................
. LaTeX info: "xparse/define-command"
. 
. Defining document command \second with arg. spec. '' on line 16.
.................................................
.................................................
. LaTeX info: "xparse/define-command"
. 
. Defining document command \ampere with arg. spec. '' on line 16.
.................................................
.................................................
. LaTeX info: "xparse/define-command"
. 
. Defining document command \kelvin with arg. spec. '' on line 16.
.................................................
.................................................
. LaTeX info: "xparse/define-command"
. 
. Defining document command \candela with arg. spec. '' on line 16.
.................................................
.................................................
. LaTeX info: "xparse/define-command"
. 
. Defining document command \gram with arg. spec. '' on line 16.
.................................................
.................................................
. LaTeX info: "xparse/define-command"
. 
. Defining document command \yocto with arg. spec. '' on line 16.
.................................................
.................................................
. LaTeX info: "xparse/define-command"
. 
. Defining document command \zepto with arg. spec. '' on line 16.
.................................................
.................................................
. LaTeX info: "xparse/define-command"
. 
. Defining document command \atto with arg. spec. '' on line 16.
.................................................
.................................................
. LaTeX info: "xparse/define-command"
. 
. Defining document command \femto with arg. spec. '' on line 16.
.................................................
.................................................
. LaTeX info: "xparse/define-command"
. 
. Defining document command \pico with arg. spec. '' on line 16.
.................................................
.................................................
. LaTeX info: "xparse/define-command"
. 
. Defining document command \nano with arg. spec. '' on line 16.
.................................................
.................................................
. LaTeX info: "xparse/define-command"
. 
. Defining document command \micro with arg. spec. '' on line 16.
.................................................
.................................................
. LaTeX info: "xparse/define-command"
. 
. Defining document command \milli with arg. spec. '' on line 16.
.................................................
.................................................
. LaTeX info: "xparse/define-command"
. 
. Defining document command \centi with arg. spec. '' on line 16.
.................................................
.................................................
. LaTeX info: "xparse/define-command"
. 
. Defining document command \deci with arg. spec. '' on line 16.
.................................................
.................................................
. LaTeX info: "xparse/define-command"
. 
. Defining document command \deca with arg. spec. '' on line 16.
.................................................
.................................................
. LaTeX info: "xparse/define-command"
. 
. Defining document command \deka with arg. spec. '' on line 16.
.................................................
.................................................
. LaTeX info: "xparse/define-command"
. 
. Defining document command \hecto with arg. spec. '' on line 16.
.................................................
.................................................
. LaTeX info: "xparse/define-command"
. 
. Defining document command \kilo with arg. spec. '' on line 16.
.................................................
.................................................
. LaTeX info: "xparse/define-command"
. 
. Defining document command \mega with arg. spec. '' on line 16.
.................................................
.................................................
. LaTeX info: "xparse/define-command"
. 
. Defining document command \giga with arg. spec. '' on line 16.
.................................................
.................................................
. LaTeX info: "xparse/define-command"
. 
. Defining document command \tera with arg. spec. '' on line 16.
.................................................
.................................................
. LaTeX info: "xparse/define-command"
. 
. Defining document command \peta with arg. spec. '' on line 16.
.................................................
.................................................
. LaTeX info: "xparse/define-command"
. 
. Defining document command \exa with arg. spec. '' on line 16.
.................................................
.................................................
. LaTeX info: "xparse/define-command"
. 
. Defining document command \zetta with arg. spec. '' on line 16.
.................................................
.................................................
. LaTeX info: "xparse/define-command"
. 
. Defining document command \yotta with arg. spec. '' on line 16.
.................................................
.................................................
. LaTeX info: "xparse/define-command"
. 
. Defining document command \becquerel with arg. spec. '' on line 16.
.................................................
.................................................
. LaTeX info: "xparse/define-command"
. 
. Defining document command \celsius with arg. spec. '' on line 16.
.................................................
.................................................
. LaTeX info: "xparse/define-command"
. 
. Defining document command \degreeCelsius with arg. spec. '' on line 16.
.................................................
.................................................
. LaTeX info: "xparse/define-command"
. 
. Defining document command \coulomb with arg. spec. '' on line 16.
.................................................
.................................................
. LaTeX info: "xparse/define-command"
. 
. Defining document command \farad with arg. spec. '' on line 16.
.................................................
.................................................
. LaTeX info: "xparse/define-command"
. 
. Defining document command \gray with arg. spec. '' on line 16.
.................................................
.................................................
. LaTeX info: "xparse/define-command"
. 
. Defining document command \hertz with arg. spec. '' on line 16.
.................................................
.................................................
. LaTeX info: "xparse/define-command"
. 
. Defining document command \henry with arg. spec. '' on line 16.
.................................................
.................................................
. LaTeX info: "xparse/define-command"
. 
. Defining document command \joule with arg. spec. '' on line 16.
.................................................
.................................................
. LaTeX info: "xparse/define-command"
. 
. Defining document command \katal with arg. spec. '' on line 16.
.................................................
.................................................
. LaTeX info: "xparse/define-command"
. 
. Defining document command \lumen with arg. spec. '' on line 16.
.................................................
.................................................
. LaTeX info: "xparse/define-command"
. 
. Defining document command \lux with arg. spec. '' on line 16.
.................................................
.................................................
. LaTeX info: "xparse/define-command"
. 
. Defining document command \newton with arg. spec. '' on line 16.
.................................................
.................................................
. LaTeX info: "xparse/define-command"
. 
. Defining document command \ohm with arg. spec. '' on line 16.
.................................................
.................................................
. LaTeX info: "xparse/define-command"
. 
. Defining document command \pascal with arg. spec. '' on line 16.
.................................................
.................................................
. LaTeX info: "xparse/define-command"
. 
. Defining document command \radian with arg. spec. '' on line 16.
.................................................
.................................................
. LaTeX info: "xparse/define-command"
. 
. Defining document command \siemens with arg. spec. '' on line 16.
.................................................
.................................................
. LaTeX info: "xparse/define-command"
. 
. Defining document command \sievert with arg. spec. '' on line 16.
.................................................
.................................................
. LaTeX info: "xparse/define-command"
. 
. Defining document command \steradian with arg. spec. '' on line 16.
.................................................
.................................................
. LaTeX info: "xparse/define-command"
. 
. Defining document command \tesla with arg. spec. '' on line 16.
.................................................
.................................................
. LaTeX info: "xparse/define-command"
. 
. Defining document command \volt with arg. spec. '' on line 16.
.................................................
.................................................
. LaTeX info: "xparse/define-command"
. 
. Defining document command \watt with arg. spec. '' on line 16.
.................................................
.................................................
. LaTeX info: "xparse/define-command"
. 
. Defining document command \weber with arg. spec. '' on line 16.
.................................................
.................................................
. LaTeX info: "xparse/define-command"
. 
. Defining document command \arcmin with arg. spec. '' on line 16.
.................................................
.................................................
. LaTeX info: "xparse/define-command"
. 
. Defining document command \arcminute with arg. spec. '' on line 16.
.................................................
.................................................
. LaTeX info: "xparse/define-command"
. 
. Defining document command \arcsecond with arg. spec. '' on line 16.
.................................................
.................................................
. LaTeX info: "xparse/define-command"
. 
. Defining document command \degree with arg. spec. '' on line 16.
.................................................
.................................................
. LaTeX info: "xparse/define-command"
. 
. Defining document command \hectare with arg. spec. '' on line 16.
.................................................
.................................................
. LaTeX info: "xparse/define-command"
. 
. Defining document command \hour with arg. spec. '' on line 16.
.................................................
.................................................
. LaTeX info: "xparse/define-command"
. 
. Defining document command \litre with arg. spec. '' on line 16.
.................................................
.................................................
. LaTeX info: "xparse/define-command"
. 
. Defining document command \liter with arg. spec. '' on line 16.
.................................................
.................................................
. LaTeX info: "xparse/define-command"
. 
. Defining document command \minute with arg. spec. '' on line 16.
.................................................
.................................................
. LaTeX info: "xparse/define-command"
. 
. Defining document command \percent with arg. spec. '' on line 16.
.................................................
.................................................
. LaTeX info: "xparse/define-command"
. 
. Defining document command \tonne with arg. spec. '' on line 16.
.................................................
.................................................
. LaTeX info: "xparse/define-command"
. 
. Defining document command \astronomicalunit with arg. spec. '' on line 16.
.................................................
.................................................
. LaTeX info: "xparse/define-command"
. 
. Defining document command \atomicmassunit with arg. spec. '' on line 16.
.................................................
.................................................
. LaTeX info: "xparse/define-command"
. 
. Defining document command \electronvolt with arg. spec. '' on line 16.
.................................................
.................................................
. LaTeX info: "xparse/define-command"
. 
. Defining document command \dalton with arg. spec. '' on line 16.
.................................................
.................................................
. LaTeX info: "xparse/define-command"
. 
. Defining document command \clight with arg. spec. '' on line 16.
.................................................
.................................................
. LaTeX info: "xparse/define-command"
. 
. Defining document command \electronmass with arg. spec. '' on line 16.
.................................................
.................................................
. LaTeX info: "xparse/define-command"
. 
. Defining document command \planckbar with arg. spec. '' on line 16.
.................................................
.................................................
. LaTeX info: "xparse/define-command"
. 
. Defining document command \elementarycharge with arg. spec. '' on line 16.
.................................................
.................................................
. LaTeX info: "xparse/define-command"
. 
. Defining document command \bohr with arg. spec. '' on line 16.
.................................................
.................................................
. LaTeX info: "xparse/define-command"
. 
. Defining document command \hartree with arg. spec. '' on line 16.
.................................................
.................................................
. LaTeX info: "xparse/define-command"
. 
. Defining document command \angstrom with arg. spec. '' on line 16.
.................................................
.................................................
. LaTeX info: "xparse/define-command"
. 
. Defining document command \barn with arg. spec. '' on line 16.
.................................................
.................................................
. LaTeX info: "xparse/define-command"
. 
. Defining document command \bel with arg. spec. '' on line 16.
.................................................
.................................................
. LaTeX info: "xparse/define-command"
. 
. Defining document command \decibel with arg. spec. '' on line 16.
.................................................
.................................................
. LaTeX info: "xparse/define-command"
. 
. Defining document command \knot with arg. spec. '' on line 16.
.................................................
.................................................
. LaTeX info: "xparse/define-command"
. 
. Defining document command \mmHg with arg. spec. '' on line 16.
.................................................
.................................................
. LaTeX info: "xparse/define-command"
. 
. Defining document command \nauticalmile with arg. spec. '' on line 16.
.................................................
.................................................
. LaTeX info: "xparse/define-command"
. 
. Defining document command \neper with arg. spec. '' on line 16.
.................................................
.................................................
. LaTeX info: "xparse/define-command"
. 
. Defining document command \squared with arg. spec. '' on line 16.
.................................................
.................................................
. LaTeX info: "xparse/define-command"
. 
. Defining document command \cubic with arg. spec. '' on line 16.
.................................................
.................................................
. LaTeX info: "xparse/define-command"
. 
. Defining document command \cubed with arg. spec. '' on line 16.
.................................................
.................................................
. LaTeX info: "xparse/define-command"
. 
. Defining document command \Square with arg. spec. '' on line 16.
.................................................
.................................................
. LaTeX info: "xparse/define-command"
. 
. Defining document command \ssquare with arg. spec. '' on line 16.
.................................................
.................................................
. LaTeX info: "xparse/define-command"
. 
. Defining document command \BAR with arg. spec. '' on line 16.
.................................................
.................................................
. LaTeX info: "xparse/define-command"
. 
. Defining document command \bbar with arg. spec. '' on line 16.
.................................................
.................................................
. LaTeX info: "xparse/define-command"
. 
. Defining document command \Day with arg. spec. '' on line 16.
.................................................
.................................................
. LaTeX info: "xparse/define-command"
. 
. Defining document command \dday with arg. spec. '' on line 16.
.................................................
.................................................
. LaTeX info: "xparse/define-command"
. 
. Defining document command \Gray with arg. spec. '' on line 16.
.................................................
.................................................
. LaTeX info: "xparse/define-command"
. 
. Defining document command \ggray with arg. spec. '' on line 16.
.................................................
.................................................
. LaTeX info: "xparse/define-command"
. 
. Defining document command \atomicmass with arg. spec. '' on line 16.
.................................................
.................................................
. LaTeX info: "xparse/define-command"
. 
. Defining document command \arcsec with arg. spec. '' on line 16.
.................................................
.................................................
. LaTeX info: "xparse/define-command"
. 
. Defining document command \are with arg. spec. '' on line 16.
.................................................
.................................................
. LaTeX info: "xparse/define-command"
. 
. Defining document command \curie with arg. spec. '' on line 16.
.................................................
.................................................
. LaTeX info: "xparse/define-command"
. 
. Defining document command \gal with arg. spec. '' on line 16.
.................................................
.................................................
. LaTeX info: "xparse/define-command"
. 
. Defining document command \millibar with arg. spec. '' on line 16.
.................................................
.................................................
. LaTeX info: "xparse/define-command"
. 
. Defining document command \rad with arg. spec. '' on line 16.
.................................................
.................................................
. LaTeX info: "xparse/define-command"
. 
. Defining document command \rem with arg. spec. '' on line 16.
.................................................
.................................................
. LaTeX info: "xparse/define-command"
. 
. Defining document command \roentgen with arg. spec. '' on line 16.
.................................................
.................................................
. LaTeX info: "xparse/define-command"
. 
. Defining document command \micA with arg. spec. '' on line 16.
.................................................
.................................................
. LaTeX info: "xparse/define-command"
. 
. Defining document command \micmol with arg. spec. '' on line 16.
.................................................
.................................................
. LaTeX info: "xparse/define-command"
. 
. Defining document command \micl with arg. spec. '' on line 16.
.................................................
.................................................
. LaTeX info: "xparse/define-command"
. 
. Defining document command \micL with arg. spec. '' on line 16.
.................................................
.................................................
. LaTeX info: "xparse/define-command"
. 
. Defining document command \nanog with arg. spec. '' on line 16.
.................................................
.................................................
. LaTeX info: "xparse/define-command"
. 
. Defining document command \micg with arg. spec. '' on line 16.
.................................................
.................................................
. LaTeX info: "xparse/define-command"
. 
. Defining document command \picm with arg. spec. '' on line 16.
.................................................
.................................................
. LaTeX info: "xparse/define-command"
. 
. Defining document command \micm with arg. spec. '' on line 16.
.................................................
.................................................
. LaTeX info: "xparse/define-command"
. 
. Defining document command \Sec with arg. spec. '' on line 16.
.................................................
.................................................
. LaTeX info: "xparse/define-command"
. 
. Defining document command \mics with arg. spec. '' on line 16.
.................................................
.................................................
. LaTeX info: "xparse/define-command"
. 
. Defining document command \cmc with arg. spec. '' on line 16.
.................................................
.................................................
. LaTeX info: "xparse/define-command"
. 
. Defining document command \dmc with arg. spec. '' on line 16.
.................................................
.................................................
. LaTeX info: "xparse/define-command"
. 
. Defining document command \cms with arg. spec. '' on line 16.
.................................................
.................................................
. LaTeX info: "xparse/define-command"
. 
. Defining document command \centimetrecubed with arg. spec. '' on line 16.
.................................................
.................................................
. LaTeX info: "xparse/define-command"
. 
. Defining document command \centimetresquared with arg. spec. '' on line 16.
.................................................
.................................................
. LaTeX info: "xparse/define-command"
. 
. Defining document command \cubiccentimetre with arg. spec. '' on line 16.
.................................................
.................................................
. LaTeX info: "xparse/define-command"
. 
. Defining document command \cubicdecimetre with arg. spec. '' on line 16.
.................................................
.................................................
. LaTeX info: "xparse/define-command"
. 
. Defining document command \squarecentimetre with arg. spec. '' on line 16.
.................................................
.................................................
. LaTeX info: "xparse/define-command"
. 
. Defining document command \squaremetre with arg. spec. '' on line 16.
.................................................
.................................................
. LaTeX info: "xparse/define-command"
. 
. Defining document command \squarekilometre with arg. spec. '' on line 16.
.................................................
.................................................
. LaTeX info: "xparse/define-command"
. 
. Defining document command \parsec with arg. spec. '' on line 16.
.................................................
.................................................
. LaTeX info: "xparse/define-command"
. 
. Defining document command \lightyear with arg. spec. '' on line 16.
.................................................
.................................................
. LaTeX info: "xparse/define-command"
. 
. Defining document command \gmol with arg. spec. '' on line 16.
.................................................
.................................................
. LaTeX info: "xparse/define-command"
. 
. Defining document command \kgmol with arg. spec. '' on line 16.
.................................................
.................................................
. LaTeX info: "xparse/define-command"
. 
. Defining document command \lbmol with arg. spec. '' on line 16.
.................................................
.................................................
. LaTeX info: "xparse/define-command"
. 
. Defining document command \molar with arg. spec. '' on line 16.
.................................................
.................................................
. LaTeX info: "xparse/define-command"
. 
. Defining document command \Molar with arg. spec. '' on line 16.
.................................................
.................................................
. LaTeX info: "xparse/define-command"
. 
. Defining document command \torr with arg. spec. '' on line 16.
.................................................
.................................................
. LaTeX info: "xparse/define-command"
. 
. Defining document command \gon with arg. spec. '' on line 16.
.................................................
.................................................
. LaTeX info: "xparse/define-command"
. 
. Defining document command \micron with arg. spec. '' on line 16.
.................................................
.................................................
. LaTeX info: "xparse/define-command"
. 
. Defining document command \mrad with arg. spec. '' on line 16.
.................................................
.................................................
. LaTeX info: "xparse/define-command"
. 
. Defining document command \gauss with arg. spec. '' on line 16.
.................................................
.................................................
. LaTeX info: "xparse/define-command"
. 
. Defining document command \eVperc with arg. spec. '' on line 16.
.................................................
.................................................
. LaTeX info: "xparse/define-command"
. 
. Defining document command \nanobarn with arg. spec. '' on line 16.
.................................................
.................................................
. LaTeX info: "xparse/define-command"
. 
. Defining document command \picobarn with arg. spec. '' on line 16.
.................................................
.................................................
. LaTeX info: "xparse/define-command"
. 
. Defining document command \femtobarn with arg. spec. '' on line 16.
.................................................
.................................................
. LaTeX info: "xparse/define-command"
. 
. Defining document command \attobarn with arg. spec. '' on line 16.
.................................................
.................................................
. LaTeX info: "xparse/define-command"
. 
. Defining document command \zeptobarn with arg. spec. '' on line 16.
.................................................
.................................................
. LaTeX info: "xparse/define-command"
. 
. Defining document command \yoctobarn with arg. spec. '' on line 16.
.................................................
.................................................
. LaTeX info: "xparse/define-command"
. 
. Defining document command \nb with arg. spec. '' on line 16.
.................................................
.................................................
. LaTeX info: "xparse/define-command"
. 
. Defining document command \pb with arg. spec. '' on line 16.
.................................................
.................................................
. LaTeX info: "xparse/define-command"
. 
. Defining document command \fb with arg. spec. '' on line 16.
.................................................
.................................................
. LaTeX info: "xparse/define-command"
. 
. Defining document command \ab with arg. spec. '' on line 16.
.................................................
.................................................
. LaTeX info: "xparse/define-command"
. 
. Defining document command \zb with arg. spec. '' on line 16.
.................................................
.................................................
. LaTeX info: "xparse/define-command"
. 
. Defining document command \yb with arg. spec. '' on line 16.
.................................................
.................................................
. LaTeX info: "xparse/define-command"
. 
. Defining document command \A with arg. spec. '' on line 16.
.................................................
.................................................
. LaTeX info: "xparse/define-command"
. 
. Defining document command \pA with arg. spec. '' on line 16.
.................................................
.................................................
. LaTeX info: "xparse/define-command"
. 
. Defining document command \nA with arg. spec. '' on line 16.
.................................................
.................................................
. LaTeX info: "xparse/define-command"
. 
. Defining document command \uA with arg. spec. '' on line 16.
.................................................
.................................................
. LaTeX info: "xparse/define-command"
. 
. Defining document command \mA with arg. spec. '' on line 16.
.................................................
.................................................
. LaTeX info: "xparse/define-command"
. 
. Defining document command \kA with arg. spec. '' on line 16.
.................................................
.................................................
. LaTeX info: "xparse/define-command"
. 
. Defining document command \Hz with arg. spec. '' on line 16.
.................................................
.................................................
. LaTeX info: "xparse/define-command"
. 
. Defining document command \mHz with arg. spec. '' on line 16.
.................................................
.................................................
. LaTeX info: "xparse/define-command"
. 
. Defining document command \kHz with arg. spec. '' on line 16.
.................................................
.................................................
. LaTeX info: "xparse/define-command"
. 
. Defining document command \MHz with arg. spec. '' on line 16.
.................................................
.................................................
. LaTeX info: "xparse/define-command"
. 
. Defining document command \GHz with arg. spec. '' on line 16.
.................................................
.................................................
. LaTeX info: "xparse/define-command"
. 
. Defining document command \THz with arg. spec. '' on line 16.
.................................................
.................................................
. LaTeX info: "xparse/define-command"
. 
. Defining document command \mol with arg. spec. '' on line 16.
.................................................
.................................................
. LaTeX info: "xparse/define-command"
. 
. Defining document command \fmol with arg. spec. '' on line 16.
.................................................
.................................................
. LaTeX info: "xparse/define-command"
. 
. Defining document command \pmol with arg. spec. '' on line 16.
.................................................
.................................................
. LaTeX info: "xparse/define-command"
. 
. Defining document command \nmol with arg. spec. '' on line 16.
.................................................
.................................................
. LaTeX info: "xparse/define-command"
. 
. Defining document command \umol with arg. spec. '' on line 16.
.................................................
.................................................
. LaTeX info: "xparse/define-command"
. 
. Defining document command \mmol with arg. spec. '' on line 16.
.................................................
.................................................
. LaTeX info: "xparse/define-command"
. 
. Defining document command \kmol with arg. spec. '' on line 16.
.................................................
.................................................
. LaTeX info: "xparse/define-command"
. 
. Defining document command \V with arg. spec. '' on line 16.
.................................................
.................................................
. LaTeX info: "xparse/define-command"
. 
. Defining document command \pV with arg. spec. '' on line 16.
.................................................
.................................................
. LaTeX info: "xparse/define-command"
. 
. Defining document command \nV with arg. spec. '' on line 16.
.................................................
.................................................
. LaTeX info: "xparse/define-command"
. 
. Defining document command \uV with arg. spec. '' on line 16.
.................................................
.................................................
. LaTeX info: "xparse/define-command"
. 
. Defining document command \mV with arg. spec. '' on line 16.
.................................................
.................................................
. LaTeX info: "xparse/define-command"
. 
. Defining document command \kV with arg. spec. '' on line 16.
.................................................
.................................................
. LaTeX info: "xparse/define-command"
. 
. Defining document command \hl with arg. spec. '' on line 16.
.................................................
.................................................
. LaTeX info: "xparse/define-command"
. 
. Defining document command \ml with arg. spec. '' on line 16.
.................................................
.................................................
. LaTeX info: "xparse/define-command"
. 
. Defining document command \ul with arg. spec. '' on line 16.
.................................................
.................................................
. LaTeX info: "xparse/define-command"
. 
. Defining document command \hL with arg. spec. '' on line 16.
.................................................
.................................................
. LaTeX info: "xparse/define-command"
. 
. Defining document command \mL with arg. spec. '' on line 16.
.................................................
.................................................
. LaTeX info: "xparse/define-command"
. 
. Defining document command \uL with arg. spec. '' on line 16.
.................................................
.................................................
. LaTeX info: "xparse/define-command"
. 
. Defining document command \fg with arg. spec. '' on line 16.
.................................................
.................................................
. LaTeX info: "xparse/define-command"
. 
. Defining document command \pg with arg. spec. '' on line 16.
.................................................
.................................................
. LaTeX info: "xparse/define-command"
. 
. Defining document command \ug with arg. spec. '' on line 16.
.................................................
.................................................
. LaTeX info: "xparse/define-command"
. 
. Defining document command \mg with arg. spec. '' on line 16.
.................................................
.................................................
. LaTeX info: "xparse/define-command"
. 
. Defining document command \g with arg. spec. '' on line 16.
.................................................
.................................................
. LaTeX info: "xparse/define-command"
. 
. Defining document command \kg with arg. spec. '' on line 16.
.................................................
.................................................
. LaTeX info: "xparse/define-command"
. 
. Defining document command \amu with arg. spec. '' on line 16.
.................................................
.................................................
. LaTeX info: "xparse/define-command"
. 
. Defining document command \W with arg. spec. '' on line 16.
.................................................
.................................................
. LaTeX info: "xparse/define-command"
. 
. Defining document command \uW with arg. spec. '' on line 16.
.................................................
.................................................
. LaTeX info: "xparse/define-command"
. 
. Defining document command \mW with arg. spec. '' on line 16.
.................................................
.................................................
. LaTeX info: "xparse/define-command"
. 
. Defining document command \kW with arg. spec. '' on line 16.
.................................................
.................................................
. LaTeX info: "xparse/define-command"
. 
. Defining document command \MW with arg. spec. '' on line 16.
.................................................
.................................................
. LaTeX info: "xparse/define-command"
. 
. Defining document command \GW with arg. spec. '' on line 16.
.................................................
.................................................
. LaTeX info: "xparse/define-command"
. 
. Defining document command \J with arg. spec. '' on line 16.
.................................................
.................................................
. LaTeX info: "xparse/define-command"
. 
. Defining document command \kJ with arg. spec. '' on line 16.
.................................................
.................................................
. LaTeX info: "xparse/define-command"
. 
. Defining document command \eV with arg. spec. '' on line 16.
.................................................
.................................................
. LaTeX info: "xparse/define-command"
. 
. Defining document command \meV with arg. spec. '' on line 16.
.................................................
.................................................
. LaTeX info: "xparse/define-command"
. 
. Defining document command \keV with arg. spec. '' on line 16.
.................................................
.................................................
. LaTeX info: "xparse/define-command"
. 
. Defining document command \MeV with arg. spec. '' on line 16.
.................................................
.................................................
. LaTeX info: "xparse/define-command"
. 
. Defining document command \GeV with arg. spec. '' on line 16.
.................................................
.................................................
. LaTeX info: "xparse/define-command"
. 
. Defining document command \TeV with arg. spec. '' on line 16.
.................................................
.................................................
. LaTeX info: "xparse/define-command"
. 
. Defining document command \kWh with arg. spec. '' on line 16.
.................................................
.................................................
. LaTeX info: "xparse/define-command"
. 
. Defining document command \m with arg. spec. '' on line 16.
.................................................
.................................................
. LaTeX info: "xparse/define-command"
. 
. Defining document command \nm with arg. spec. '' on line 16.
.................................................
.................................................
. LaTeX info: "xparse/define-command"
. 
. Defining document command \um with arg. spec. '' on line 16.
.................................................
.................................................
. LaTeX info: "xparse/define-command"
. 
. Defining document command \mm with arg. spec. '' on line 16.
.................................................
.................................................
. LaTeX info: "xparse/define-command"
. 
. Defining document command \cm with arg. spec. '' on line 16.
.................................................
.................................................
. LaTeX info: "xparse/define-command"
. 
. Defining document command \dm with arg. spec. '' on line 16.
.................................................
.................................................
. LaTeX info: "xparse/define-command"
. 
. Defining document command \km with arg. spec. '' on line 16.
.................................................
.................................................
. LaTeX info: "xparse/define-command"
. 
. Defining document command \K with arg. spec. '' on line 16.
.................................................
.................................................
. LaTeX info: "xparse/define-command"
. 
. Defining document command \dB with arg. spec. '' on line 16.
.................................................
.................................................
. LaTeX info: "xparse/define-command"
. 
. Defining document command \F with arg. spec. '' on line 16.
.................................................
.................................................
. LaTeX info: "xparse/define-command"
. 
. Defining document command \fF with arg. spec. '' on line 16.
.................................................
.................................................
. LaTeX info: "xparse/define-command"
. 
. Defining document command \pF with arg. spec. '' on line 16.
.................................................
.................................................
. LaTeX info: "xparse/define-command"
. 
. Defining document command \N with arg. spec. '' on line 16.
.................................................
.................................................
. LaTeX info: "xparse/define-command"
. 
. Defining document command \mN with arg. spec. '' on line 16.
.................................................
.................................................
. LaTeX info: "xparse/define-command"
. 
. Defining document command \kN with arg. spec. '' on line 16.
.................................................
.................................................
. LaTeX info: "xparse/define-command"
. 
. Defining document command \MN with arg. spec. '' on line 16.
.................................................
.................................................
. LaTeX info: "xparse/define-command"
. 
. Defining document command \Pa with arg. spec. '' on line 16.
.................................................
.................................................
. LaTeX info: "xparse/define-command"
. 
. Defining document command \kPa with arg. spec. '' on line 16.
.................................................
.................................................
. LaTeX info: "xparse/define-command"
. 
. Defining document command \MPa with arg. spec. '' on line 16.
.................................................
.................................................
. LaTeX info: "xparse/define-command"
. 
. Defining document command \GPa with arg. spec. '' on line 16.
.................................................
.................................................
. LaTeX info: "xparse/define-command"
. 
. Defining document command \mohm with arg. spec. '' on line 16.
.................................................
.................................................
. LaTeX info: "xparse/define-command"
. 
. Defining document command \kohm with arg. spec. '' on line 16.
.................................................
.................................................
. LaTeX info: "xparse/define-command"
. 
. Defining document command \Mohm with arg. spec. '' on line 16.
.................................................
.................................................
. LaTeX info: "xparse/define-command"
. 
. Defining document command \s with arg. spec. '' on line 16.
.................................................
.................................................
. LaTeX info: "xparse/define-command"
. 
. Defining document command \as with arg. spec. '' on line 16.
.................................................
.................................................
. LaTeX info: "xparse/define-command"
. 
. Defining document command \fs with arg. spec. '' on line 16.
.................................................
.................................................
. LaTeX info: "xparse/define-command"
. 
. Defining document command \ps with arg. spec. '' on line 16.
.................................................
.................................................
. LaTeX info: "xparse/define-command"
. 
. Defining document command \ns with arg. spec. '' on line 16.
.................................................
.................................................
. LaTeX info: "xparse/define-command"
. 
. Defining document command \us with arg. spec. '' on line 16.
.................................................
.................................................
. LaTeX info: "xparse/define-command"
. 
. Defining document command \ms with arg. spec. '' on line 16.
.................................................
\AtBeginShipoutBox=\box68
 ABD: EveryShipout initializing macros
Package hyperref Info: Link coloring ON on input line 16.

(/usr/local/texlive/2013/texmf-dist/tex/latex/hyperref/nameref.sty
Package: nameref 2012/10/27 v2.43 Cross-referencing by name of section

(/usr/local/texlive/2013/texmf-dist/tex/generic/oberdiek/gettitlestring.sty
Package: gettitlestring 2010/12/03 v1.4 Cleanup title references (HO)
)
\c@section@level=\count278
)
LaTeX Info: Redefining \ref on input line 16.
LaTeX Info: Redefining \pageref on input line 16.
LaTeX Info: Redefining \nameref on input line 16.

(./hw2.out) (./hw2.out)
\@outlinefile=\write6
\openout6 = `hw2.out'.

runsystem(pygmentize -S default -f latex > hw2.pyg)...executed.

 (./hw2.pyg)
\c@lstlisting=\count279

*geometry* driver: auto-detecting
*geometry* detected driver: xetex
*geometry* verbose mode - [ preamble ] result:
* driver: xetex
* paper: a4paper
* layout: <same size as paper>
* layoutoffset:(h,v)=(0.0pt,0.0pt)
* modes: 
* h-part:(L,W,R)=(72.26999pt, 452.9679pt, 72.26999pt)
* v-part:(T,H,B)=(72.26999pt, 700.50687pt, 72.26999pt)
* \paperwidth=597.50787pt
* \paperheight=845.04684pt
* \textwidth=452.9679pt
* \textheight=700.50687pt
* \oddsidemargin=0.0pt
* \evensidemargin=0.0pt
* \topmargin=-37.0pt
* \headheight=12.0pt
* \headsep=25.0pt
* \topskip=12.0pt
* \footskip=30.0pt
* \marginparwidth=35.0pt
* \marginparsep=10.0pt
* \columnsep=10.0pt
* \skip\footins=10.8pt plus 4.0pt minus 2.0pt
* \hoffset=0.0pt
* \voffset=0.0pt
* \mag=1000
* \@twocolumnfalse
* \@twosidefalse
* \@mparswitchfalse
* \@reversemarginfalse
* (1in=72.27pt=25.4mm, 1cm=28.453pt)

\c__siunitx_mathsf_int=\count280
LaTeX Font Info:    Try loading font information for U+msa on input line 16.
(/usr/local/texlive/2013/texmf-dist/tex/latex/amsfonts/umsa.fd
File: umsa.fd 2013/01/14 v3.01 AMS symbols A
)
LaTeX Font Info:    Try loading font information for U+msb on input line 16.

(/usr/local/texlive/2013/texmf-dist/tex/latex/amsfonts/umsb.fd
File: umsb.fd 2013/01/14 v3.01 AMS symbols B
)
\c__siunitx_mathtt_int=\count281
 (./hw2.toc)
\tf@toc=\write7
\openout7 = `hw2.toc'.


(/usr/local/texlive/2013/texmf-dist/tex/generic/oberdiek/se-ascii-print.def
File: se-ascii-print.def 2011/12/02 v1.10 stringenc: Printable ASCII characters

)
(../src/hw2.txt
LaTeX Font Info:    Try loading font information for OMS+cmr on input line 2.
 (/usr/local/texlive/2013/texmf-dist/tex/latex/base/omscmr.fd
File: omscmr.fd 1999/05/25 v2.5h Standard LaTeX font definitions
)
LaTeX Font Info:    Font shape `OMS/cmr/m/n' in size <12> not available
(Font)              Font shape `OMS/cmsy/m/n' tried instead on input line 2.
)
[1

]
\openout4 = `hw2.pyg'.

runsystem(pygmentize -l python -f latex -F tokenmerge             -P "verboptio
ns= " -o hw2.out.pyg hw2.pyg)...executed.

 (./hw2.out.pyg
LaTeX Font Info:    Font shape `OT1/cmtt/bx/n' in size <12> not available
(Font)              Font shape `OT1/cmtt/m/n' tried instead on input line 2.
 [2

] [3] [4])
runsystem(rm hw2.out.pyg)...executed.

runsystem(rm hw2.pyg)...executed.

 [5] (../src/calibration.txt)
File: ../img/temp_plot.ps Graphic file (type eps)

<../img/temp_plot.ps>
Package atveryend Info: Empty hook `BeforeClearDocument' on input line 165.
 [6

] [7]
Package atveryend Info: Empty hook `AfterLastShipout' on input line 165.
 (./hw2.aux)
Package atveryend Info: Empty hook `AtVeryEndDocument' on input line 165.
Package atveryend Info: Empty hook `AtEndAfterFileList' on input line 165.
Package atveryend Info: Empty hook `AtVeryVeryEnd' on input line 165.
 ) 
Here is how much of TeX's memory you used:
 30649 strings out of 493938
 589809 string characters out of 6148857
 571052 words of memory out of 5000000
 33471 multiletter control sequences out of 15000+600000
 15760 words of font info for 62 fonts, out of 8000000 for 9000
 1144 hyphenation exceptions out of 8191
 70i,6n,68p,498b,1124s stack positions out of 5000i,500n,10000p,200000b,80000s

Output written on hw2.pdf (7 pages).
